<?xml version="1.0" encoding="UTF-8"?>
<testsuite name="games.game2048.TestGame2048" tests="1" skipped="0" failures="0" errors="0" timestamp="2020-01-03T15:21:32" hostname="DESKTOP-9A9AT5M" time="0.024">
  <properties/>
  <testcase name="testMoves" classname="games.game2048.TestGame2048" time="0.024"/>
  <system-out><![CDATA[]]></system-out>
  <system-err><![CDATA[]]></system-err>
</testsuite>
