<?xml version="1.0" encoding="UTF-8"?>
<testsuite name="games.game2048.TestGame2048Initializer" tests="5" skipped="0" failures="0" errors="0" timestamp="2020-01-03T15:21:32" hostname="DESKTOP-9A9AT5M" time="0.027">
  <properties/>
  <testcase name="test0" classname="games.game2048.TestGame2048Initializer" time="0.001"/>
  <testcase name="test1" classname="games.game2048.TestGame2048Initializer" time="0.022"/>
  <testcase name="test2" classname="games.game2048.TestGame2048Initializer" time="0.001"/>
  <testcase name="test3" classname="games.game2048.TestGame2048Initializer" time="0.001"/>
  <testcase name="test4" classname="games.game2048.TestGame2048Initializer" time="0.001"/>
  <system-out><![CDATA[Random cell null 
Random cell (1, 2) 
Boolean true
Random cell (2, 3) 
Boolean true
Random cell (4, 1) 
Boolean true
Random cell (3, 1) 
Boolean true
]]></system-out>
  <system-err><![CDATA[]]></system-err>
</testsuite>
